JOB copper EXISTS!
JOB nadh EXISTS!
JOB glutamic acid EXISTS!
JOB dasatinib EXISTS!
JOB metformin EXISTS!
JOB bosutinib EXISTS!
JOB vandetanib EXISTS!
JOB chlorpromazine EXISTS!
JOB pyridoxal phosphate EXISTS!
JOB bortezomib EXISTS!
JOB carfilzomib EXISTS!
JOB tamoxifen EXISTS!
Submitting Rscript for keyword: DRUG NAME: ATP
Keyword "DRUG NAME: ATP" sumbitted with job ID "a558ead4-b2be-4342-a7c3-0f884ef184f0"
JOB sunitinib EXISTS!
JOB clotrimazole EXISTS!
JOB nintedanib EXISTS!
JOB miconazole EXISTS!
JOB ethanol EXISTS!
JOB imatinib EXISTS!
JOB fluphenazine EXISTS!
JOB glutathione EXISTS!
JOB topiramate EXISTS!
JOB nilotinib EXISTS!
JOB pazopanib EXISTS!
JOB sorafenib EXISTS!
JOB bepridil EXISTS!
JOB amitriptyline EXISTS!
JOB verapamil EXISTS!
JOB calcium phosphate EXISTS!
JOB diethylstilbestrol EXISTS!
JOB calcium citrate EXISTS!
JOB econazole EXISTS!
JOB guanidine EXISTS!
JOB clozapine EXISTS!
JOB amiodarone EXISTS!
JOB haloperidol EXISTS!
JOB thioridazine EXISTS!
JOB crizotinib EXISTS!
JOB astemizole EXISTS!
JOB resveratrol EXISTS!
JOB axitinib EXISTS!
JOB dalfampridine EXISTS!
JOB halothane EXISTS!
JOB flunarizine EXISTS!
JOB dronedarone EXISTS!
JOB nifedipine EXISTS!
JOB ceritinib EXISTS!
JOB loperamide EXISTS!
JOB raloxifene EXISTS!
JOB glycine EXISTS!
JOB ziprasidone EXISTS!
JOB paclitaxel EXISTS!
JOB tedisamil EXISTS!
JOB risperidone EXISTS!
JOB erlotinib EXISTS!
JOB carvedilol EXISTS!
JOB mianserin EXISTS!
JOB flavin adenine dinucleotide EXISTS!
JOB pentobarbital EXISTS!
JOB isoflurane EXISTS!
JOB pimozide EXISTS!
JOB docetaxel EXISTS!
JOB promethazine EXISTS!
JOB yohimbine EXISTS!
JOB l-aspartic acid EXISTS!
JOB primidone EXISTS!
JOB orphenadrine EXISTS!
JOB calcium EXISTS!
JOB cyproheptadine EXISTS!
JOB loxapine EXISTS!
JOB propofol EXISTS!
JOB imipramine EXISTS!
JOB tubocurarine EXISTS!
JOB olanzapine EXISTS!
JOB pentoxifylline EXISTS!
JOB aripiprazole EXISTS!
JOB amoxapine EXISTS!
JOB quetiapine EXISTS!
JOB gabapentin EXISTS!
JOB cinnarizine EXISTS!
JOB enflurane EXISTS!
JOB desipramine EXISTS!
JOB dobutamine EXISTS!
JOB succinic acid EXISTS!
JOB propafenone EXISTS!
JOB trifluoperazine EXISTS!
JOB zotepine EXISTS!
JOB felodipine EXISTS!
JOB dipyridamole EXISTS!
JOB carbamazepine EXISTS!
JOB promazine EXISTS!
JOB zonisamide EXISTS!
JOB paliperidone EXISTS!
JOB ketamine EXISTS!
JOB podofilox EXISTS!
JOB phenobarbital EXISTS!
JOB mirtazapine EXISTS!
JOB acamprosate EXISTS!
JOB nortriptyline EXISTS!
JOB desflurane EXISTS!
JOB sevoflurane EXISTS!
JOB midostaurin EXISTS!
JOB prochlorperazine EXISTS!
JOB vinblastine EXISTS!
JOB alprazolam EXISTS!
JOB iloperidone EXISTS!
JOB regorafenib EXISTS!
JOB terfenadine EXISTS!
JOB metharbital EXISTS!
JOB thiopental EXISTS!
JOB ibrutinib EXISTS!
JOB celecoxib EXISTS!
JOB bromocriptine EXISTS!
JOB tg-100801 EXISTS!
JOB tretinoin EXISTS!
JOB sildenafil EXISTS!
JOB dextromethorphan EXISTS!
JOB asenapine EXISTS!
JOB clomifene EXISTS!
JOB secobarbital EXISTS!
JOB genistein EXISTS!
JOB oxazepam EXISTS!
JOB eribulin EXISTS!
JOB ponatinib EXISTS!
JOB fluoxetine EXISTS!
JOB gemcitabine EXISTS!
JOB nicardipine EXISTS!
JOB vitamin c EXISTS!
JOB cocaine EXISTS!
JOB sertindole EXISTS!
JOB doxepin EXISTS!
JOB lamotrigine EXISTS!
JOB suramin EXISTS!
JOB l-proline EXISTS!
JOB lisuride EXISTS!
JOB procaine EXISTS!
JOB trazodone EXISTS!
JOB cabazitaxel EXISTS!
JOB butabarbital EXISTS!
JOB oxiconazole EXISTS!
JOB cabergoline EXISTS!
JOB theophylline EXISTS!
JOB perphenazine EXISTS!
JOB adenosine monophosphate EXISTS!
JOB diazepam EXISTS!
JOB droperidol EXISTS!
JOB quinidine EXISTS!
JOB maprotiline EXISTS!
JOB methoxyflurane EXISTS!
JOB butalbital EXISTS!
JOB sulfasalazine EXISTS!
JOB vincristine EXISTS!
JOB talbutal EXISTS!
JOB ixabepilone EXISTS!
JOB lacosamide EXISTS!
JOB hexachlorophene EXISTS!
JOB lorazepam EXISTS!
JOB romidepsin EXISTS!
JOB triazolam EXISTS!
JOB cholic acid EXISTS!
JOB gentian violet EXISTS!
JOB paroxetine EXISTS!
JOB apomorphine EXISTS!
JOB dihydroergotamine EXISTS!
JOB liothyronine EXISTS!
JOB clomipramine EXISTS!
JOB clonazepam EXISTS!
JOB pergolide EXISTS!
JOB acetylsalicylic acid EXISTS!
JOB clotiazepam EXISTS!
JOB fenfluramine EXISTS!
JOB midazolam EXISTS!
JOB meprobamate EXISTS!
JOB troglitazone EXISTS!
JOB phentolamine EXISTS!
JOB ergotamine EXISTS!
JOB pyrimethamine EXISTS!
JOB dopamine EXISTS!
JOB nitrazepam EXISTS!
JOB iron EXISTS!
JOB pregabalin EXISTS!
JOB temazepam EXISTS!
JOB cefapirin EXISTS!
JOB methysergide EXISTS!
JOB alvocidib EXISTS!
JOB acalabrutinib EXISTS!
JOB gabapentin enacarbil EXISTS!
JOB methohexital EXISTS!
JOB chlordiazepoxide EXISTS!
JOB glycerin EXISTS!
JOB ellagic acid EXISTS!
JOB danazol EXISTS!
JOB clorazepate EXISTS!
JOB domperidone EXISTS!
JOB pethidine EXISTS!
JOB clofarabine EXISTS!
JOB dexfenfluramine EXISTS!
JOB estazolam EXISTS!
JOB phenoxybenzamine EXISTS!
JOB vorinostat EXISTS!
JOB acetaminophen EXISTS!
JOB arsenic trioxide EXISTS!
JOB adinazolam EXISTS!
JOB bromazepam EXISTS!
JOB caffeine EXISTS!
JOB methyprylon EXISTS!
JOB quazepam EXISTS!
JOB prazepam EXISTS!
JOB flurazepam EXISTS!
JOB adipiplon EXISTS!
JOB dovitinib EXISTS!
JOB pipamperone EXISTS!
JOB terconazole EXISTS!
JOB progesterone EXISTS!
JOB mibefradil EXISTS!
JOB amlodipine EXISTS!
JOB fospropofol EXISTS!
JOB clobazam EXISTS!
JOB picrotoxin EXISTS!
JOB ivermectin EXISTS!
JOB cisapride EXISTS!
JOB ropinirole EXISTS!
JOB clemastine EXISTS!
JOB methylphenobarbital EXISTS!
JOB ruxolitinib EXISTS!
JOB estradiol valerate EXISTS!
JOB estradiol benzoate EXISTS!
JOB lapatinib EXISTS!
JOB levorphanol EXISTS!
JOB amiloride EXISTS!
JOB methotrimeprazine EXISTS!
JOB disulfiram EXISTS!
JOB ibuprofen EXISTS!
JOB mifepristone EXISTS!
JOB l-cysteine EXISTS!
JOB halazepam EXISTS!
JOB nefazodone EXISTS!
JOB belinostat EXISTS!
JOB ketoconazole EXISTS!
JOB valproic acid EXISTS!
JOB gefitinib EXISTS!
JOB menadione EXISTS!
JOB valdecoxib EXISTS!
JOB estradiol EXISTS!
JOB marimastat EXISTS!
JOB ethinyl estradiol EXISTS!
JOB sulconazole EXISTS!
JOB riluzole EXISTS!
JOB cytarabine EXISTS!
JOB papaverine EXISTS!
JOB pentamidine EXISTS!
JOB cinolazepam EXISTS!
JOB thimerosal EXISTS!
JOB trimipramine EXISTS!
JOB gaboxadol EXISTS!
JOB galantamine EXISTS!
JOB hexobarbital EXISTS!
JOB thiothixene EXISTS!
JOB nimodipine EXISTS!
JOB vardenafil EXISTS!
JOB tofacitinib EXISTS!
JOB nafamostat EXISTS!
JOB cyclosporine EXISTS!
JOB acetylcysteine EXISTS!
JOB patupilone EXISTS!
JOB diltiazem EXISTS!
JOB lidocaine EXISTS!
JOB montelukast EXISTS!
JOB panobinostat EXISTS!
JOB phenytoin EXISTS!
JOB lenvatinib EXISTS!
JOB labetalol EXISTS!
JOB emricasan EXISTS!
JOB cannabidiol EXISTS!
JOB nitrendipine EXISTS!
JOB diclofenac EXISTS!
JOB epothilone d EXISTS!
JOB prazosin EXISTS!
JOB flunitrazepam EXISTS!
JOB progabide EXISTS!
JOB salicylic acid EXISTS!
JOB procainamide EXISTS!
JOB buspirone EXISTS!
JOB eszopiclone EXISTS!
JOB cladribine EXISTS!
JOB safinamide EXISTS!
JOB pracinostat EXISTS!
JOB dexamethasone EXISTS!
JOB mezlocillin EXISTS!
JOB fluspirilene EXISTS!
JOB benzethonium EXISTS!
JOB reserpine EXISTS!
JOB thiethylperazine EXISTS!
JOB mexiletine EXISTS!
JOB quinacrine EXISTS!
JOB sertraline EXISTS!
JOB fludiazepam EXISTS!
JOB citalopram EXISTS!
JOB furosemide EXISTS!
JOB vinorelbine EXISTS!
JOB ethchlorvynol EXISTS!
JOB nicotine EXISTS!
JOB mitoxantrone EXISTS!
JOB nisoldipine EXISTS!
JOB epinephrine EXISTS!
JOB benzatropine EXISTS!
JOB mesalazine EXISTS!
JOB delorazepam EXISTS!
JOB glutethimide EXISTS!
JOB rosiglitazone EXISTS!
JOB pramipexole EXISTS!
JOB disopyramide EXISTS!
JOB troxacitabine EXISTS!
JOB ganaxolone EXISTS!
JOB tetracaine EXISTS!
JOB prasterone EXISTS!
JOB ergonovine EXISTS!
JOB perhexiline EXISTS!
JOB etomidate EXISTS!
JOB pseudoephedrine EXISTS!
JOB iloprost EXISTS!
JOB melatonin EXISTS!
JOB doxazosin EXISTS!
JOB pagoclone EXISTS!
JOB zimelidine EXISTS!
JOB methaqualone EXISTS!
JOB clomethiazole EXISTS!
JOB mesoridazine EXISTS!
JOB proparacaine EXISTS!
JOB indomethacin EXISTS!
JOB ketotifen EXISTS!
JOB ingenol mebutate EXISTS!
JOB flumazenil EXISTS!
JOB trichlormethiazide EXISTS!
JOB thiamylal EXISTS!
JOB oxtriphylline EXISTS!
JOB propranolol EXISTS!
JOB vitamin a EXISTS!
JOB l-alanine EXISTS!
JOB cyclizine EXISTS!
JOB methamphetamine EXISTS!
JOB nelfinavir EXISTS!
JOB spironolactone EXISTS!
JOB mitotane EXISTS!
JOB tropisetron EXISTS!
JOB butethal EXISTS with job ID 49ecc706-0d9f-4137-ba46-c7dea4fdd8a6
JOB heptabarbital EXISTS with job ID bec56a2d-04ef-45c1-9d9f-bb9dde757365
JOB sulpiride EXISTS!
JOB dorzolamide EXISTS!
JOB cinchocaine EXISTS with job ID 15149061-9c80-4c2c-adb3-a2fbcd1fc970
JOB pyruvic acid EXISTS with job ID 13b37160-10ad-49d3-880b-36570f684f8a
JOB amisulpride EXISTS!
JOB niclosamide EXISTS with job ID 97c9007f-1d00-4b44-ba24-db64c907d520
JOB varenicline EXISTS with job ID c6d87706-1a87-4174-b14a-830eb5860d9d
JOB biotin EXISTS with job ID ff019cb6-b272-4869-9ee3-9879e577dbf3
JOB thalidomide EXISTS!
JOB methadone EXISTS!
JOB icosapent EXISTS!
JOB oxymetazoline EXISTS!
JOB dicyclomine EXISTS!
JOB fenofibrate EXISTS!
JOB chlorthalidone EXISTS!
JOB levodopa EXISTS!
JOB phenelzine EXISTS!
JOB alpha-linolenic acid EXISTS!
JOB lindane EXISTS!
JOB aminophylline EXISTS!
JOB clonidine EXISTS!
JOB prilocaine EXISTS with job ID 8a85729c-067e-4eca-888a-196e33352b99
JOB mepyramine EXISTS!
JOB molindone EXISTS with job ID f9caadac-7161-4f84-856a-ee5e19db21e1
JOB norepinephrine EXISTS!
JOB amphetamine EXISTS!
JOB dimenhydrinate EXISTS with job ID 2da75677-3d84-45ac-8e8e-3ffdb6dd5ae6
JOB lovastatin EXISTS!
JOB brigatinib EXISTS with job ID d2eeece6-914f-48d6-b93b-3f2468c9cef8
JOB protriptyline EXISTS with job ID 9c1fa3b7-76e2-4d02-8985-9521395f6b2a
JOB oxcarbazepine EXISTS with job ID 2cb624c2-8adc-4f62-9bf2-69a349cac64d
JOB losartan EXISTS with job ID 430dd6b0-db8d-4c23-8c9f-5b4e07ae1597
JOB phenylpropanolamine EXISTS!
JOB alitretinoin EXISTS with job ID 8a5dd545-0d8f-48a6-917e-3f119fbe4489
JOB procyclidine EXISTS with job ID 04c6fa38-7c83-48f7-b1a4-b6a6b186d8ab
JOB flupentixol EXISTS with job ID 0716fa64-9b5c-467c-8615-f8d494b4adc8
JOB afatinib EXISTS!
JOB cyclothiazide EXISTS with job ID a1a11f3d-c6f4-40ea-a053-b2f32fd6caf2
JOB tetrahydrofolic acid EXISTS with job ID 6d4ba03f-1202-4794-8396-aa96ea49308d
JOB ademetionine EXISTS with job ID 434590e0-c912-4cb4-af23-bb5c67a5f9f3
JOB hesperetin EXISTS with job ID c25c36dd-6466-494f-9f11-8ae254bc6cf1
JOB duloxetine EXISTS!
JOB seliciclib EXISTS with job ID 085b5fb0-e8ab-466b-af21-71106a20a51f
JOB palbociclib EXISTS!
JOB dipivefrin EXISTS with job ID 9c14df94-0b22-4158-b802-942d17093083
JOB amantadine EXISTS with job ID 969dc335-9746-4278-ab16-82967b33edd5
JOB vortioxetine EXISTS with job ID 1d52dc26-37e6-45e3-9612-f36442081640
JOB ornithine EXISTS with job ID 82e52b7f-1a1d-4424-be7d-13ee55adf665
JOB alendronic acid EXISTS with job ID a96f6000-a574-48ba-a9c0-5c0568251c03
JOB captopril EXISTS!
JOB l-citrulline EXISTS with job ID fb46b5a0-93cf-4ee1-b992-07fb366724de
JOB indapamide EXISTS!
JOB acetazolamide EXISTS with job ID 57c0303f-878b-44f9-961a-8395c1e73e91
JOB polaprezinc EXISTS with job ID 9a8390eb-2521-41e6-b4d3-a472a933ecae
JOB amlexanox EXISTS with job ID 2ac0463a-a22c-46f1-9aa8-fcc4d7be8ecf
JOB haloprogin EXISTS with job ID 242cd8d9-1a68-42f4-bca3-b8e09123d9f5
JOB propiomazine EXISTS with job ID d14031e5-1b84-4101-88ec-682ea72fb5f7
JOB hydroflumethiazide EXISTS!
JOB hyaluronic acid EXISTS with job ID 2339b1ce-617f-47dd-8fb9-8dedf4ec51ec
JOB diphenidol EXISTS with job ID 6e6c17a3-74a8-459d-912a-97a71bfb085e
JOB metoclopramide EXISTS!
JOB chloroprocaine EXISTS with job ID c0bdd5c8-a330-4b63-b9c9-bda71a114dbf
JOB felbamate EXISTS with job ID 16e7bda0-1029-4d08-ab8e-529f61dc9e93
JOB vitamin e EXISTS with job ID a288d10c-5145-4b49-bedf-c449dce3c881
JOB methylergometrine EXISTS with job ID 79acb948-0111-4054-b8bd-d010ab9fa296
JOB dextropropoxyphene EXISTS!
JOB apremilast EXISTS with job ID f6e7d5e6-9613-4db7-9a89-013c97e346f5
JOB dosulepin EXISTS with job ID 6d0058e7-7d73-4e6d-ae25-edd9f22032f5
JOB estradiol cypionate EXISTS with job ID eff7b105-d1e3-4d6e-874e-d5811f8448ac
JOB dabigatran etexilate EXISTS with job ID 43f7b1e0-e460-4fea-b932-e2b77e82745f
JOB auranofin EXISTS with job ID 0a25e972-7135-470d-9243-41737f6bab93
JOB gadobenic acid EXISTS with job ID 72292a23-1991-415b-a1a5-1b34d9eba180
JOB rufinamide EXISTS with job ID 7ddbcd47-1c70-42d4-a576-6677a5e58879
JOB ethotoin EXISTS with job ID d9b53d1b-e627-455e-bd5d-40cc7ecc1783
JOB chlorphenamine EXISTS!
JOB cisplatin EXISTS with job ID 72f69a6f-cfea-4db0-9ed3-09881b09e8f6
JOB dextroamphetamine EXISTS!
JOB phenol EXISTS with job ID 21ae8201-f9f0-45b0-a19e-5e4e2a1780df
JOB pyrithione zinc EXISTS with job ID 8428dc2a-cbdd-40f9-be72-cdeae376fe13
JOB zolpidem EXISTS with job ID 1e2b759b-a1bd-48cf-8ea8-19e66df6b6e6
JOB eslicarbazepine acetate EXISTS with job ID 8de07419-a874-4cec-a011-2a6425b92e85
JOB copanlisib EXISTS with job ID f09ba274-a190-4c37-9ff5-8fb57180dd61
JOB triethylenetetramine EXISTS with job ID 3107267d-551d-430b-9c61-252380152140
JOB dyphylline EXISTS with job ID 7a4a056e-42bb-4fd2-ab1a-ae70fb21fa03
JOB niflumic acid EXISTS with job ID d2637705-b4cf-4a86-80e8-771e91fdb311
JOB mephenytoin EXISTS with job ID d2557f0c-e3a9-42e2-85d9-a7820b9120fe
JOB sumatriptan EXISTS!
JOB cariprazine EXISTS with job ID ee2176b1-eaf4-46ec-bd48-54da9e3f5994
JOB tacrine EXISTS!
JOB methazolamide EXISTS with job ID 362c0861-68d7-45f7-861b-9a86d201b67c
JOB sulfanilamide EXISTS with job ID 5dee7468-b9df-4bb6-b365-65a4cb00eda0
JOB cycloserine EXISTS with job ID 24825406-6100-4736-8dee-d36a3c028863
JOB estradiol acetate EXISTS with job ID 5c4324ff-b036-4825-b49b-9ad5db7157b7
JOB atorvastatin EXISTS!
JOB metaraminol EXISTS with job ID c89e23b6-e4bf-4527-b418-e3bbd93e2b6b
JOB isoprenaline EXISTS!
JOB bezafibrate EXISTS with job ID 917718f8-a77b-47cb-84ed-8127b847b662
JOB flibanserin EXISTS with job ID 2702ad51-4418-493e-8cff-2b730ffad0e0
JOB dexibuprofen EXISTS with job ID bf5c7aae-f430-40da-8133-f3b408cb88f4
JOB naloxone EXISTS!
JOB acitretin EXISTS with job ID 8f9779cc-8732-4a7b-8abc-93128308353f
JOB choline EXISTS with job ID e0a85b18-7dd0-454b-859a-a6890cd1036a
JOB brinzolamide EXISTS!
JOB lenalidomide EXISTS!
JOB meclofenamic acid EXISTS with job ID 9f509414-783d-47cc-b564-a8f942c9e857
JOB minaprine EXISTS with job ID 544a6feb-39cb-4884-9b88-d9210fca3d6d
JOB fenoldopam EXISTS!
JOB desloratadine EXISTS with job ID f03d87eb-2c1a-40e7-bb04-193c0b4217c6
JOB probenecid EXISTS!
JOB diclofenamide EXISTS with job ID 3556dba0-2bc7-49a1-8af3-52016eb3e7ba
JOB phosphatidyl serine EXISTS with job ID 88fcc6f0-83d1-4297-9939-03803cc813b3
JOB mafenide EXISTS with job ID d591c9a1-b558-4d9f-a1ee-2684a6401e87
JOB melperone EXISTS with job ID 1b494111-0140-4fe9-a878-b088694dd60b
JOB ethoxzolamide EXISTS!
JOB memantine EXISTS!
JOB glyburide EXISTS!
JOB cediranib EXISTS with job ID 12da78c5-ea63-49c6-a464-6b3e53bedf91
JOB vilazodone EXISTS with job ID ef1716a4-913d-4a2e-b7f6-2385bf26d6ba
JOB epicept np-1 EXISTS with job ID bdb8e6d4-7a2a-4524-a64c-c14666d13147
JOB encainide EXISTS with job ID 7712a2a3-8d1c-4c91-9c79-76f874c27168
JOB etizolam EXISTS with job ID 2ce21e73-2847-49f1-afd8-8711f79a29cb
JOB warfarin EXISTS!
JOB moricizine EXISTS with job ID 042c6398-c855-4388-9343-6ccdedd167d5
JOB treprostinil EXISTS with job ID ed4a59d9-cb74-4ee1-a4cc-b6152dea466d
JOB tramadol EXISTS!
JOB indecainide EXISTS with job ID fe6b9ea7-8ffe-4d52-8801-85ce0c10bcaf
JOB doxorubicin EXISTS!
JOB hydrochlorothiazide EXISTS!
JOB propoxycaine EXISTS with job ID 9da9bf8e-fd79-450a-a4d5-37f40e5fe465
JOB mephentermine EXISTS with job ID 0af86d39-8857-41e1-b31a-e1431556295d
JOB benzthiazide EXISTS with job ID dfef6a0a-c008-444a-b82d-c14d7fd1ce62
JOB acepromazine EXISTS with job ID 15071f30-ddd8-467e-be3a-521f3cbc6046
JOB zaleplon EXISTS with job ID e30a7249-3b75-4de4-8dd1-82d110ddc794
JOB mepivacaine EXISTS with job ID 86d5f8f2-a7fc-48fa-8373-76f45fa6b68f
JOB atropine EXISTS!
Submitting Rscript for keyword: DRUG NAME: VX-702
Keyword "DRUG NAME: VX-702" sumbitted with job ID "ab606718-0807-4314-ac2c-003de54a915d"
JOB dyclonine EXISTS with job ID eff7402b-d03d-4d2a-af04-f29d251d13ea
JOB ibudilast EXISTS with job ID 8eeb17f7-7dd2-47ec-8f01-716735926424
JOB tarenflurbil EXISTS with job ID ab1cae73-6a54-4973-aefb-37cedb5f7434
JOB phosphocreatine EXISTS with job ID fb246cd0-01d8-4096-be7d-6a9ca2fd2fb2
JOB nitric oxide EXISTS with job ID 0ea2fcd2-019f-4847-967c-f1099fe33b77
JOB mecamylamine EXISTS with job ID 4f67f1a3-29b9-42fc-a78d-e054d2401f1b
JOB leucovorin EXISTS with job ID b64ad065-900e-46c5-a1b2-b1929a45ff24
JOB milrinone EXISTS with job ID 5c495d83-3269-4f41-b5ef-cefa1bd8ee8c
JOB brexpiprazole EXISTS with job ID 5f120fe7-d906-4ad9-97e3-f2810ed3058a
JOB tamsulosin EXISTS!
JOB thioproperazine EXISTS with job ID 96e87e3a-3ed7-494b-919b-31d1417770d6
JOB digoxin EXISTS with job ID 2457e8ab-ad18-4294-af57-bb5b65420f5b
JOB zoledronic acid EXISTS!
JOB nimesulide EXISTS with job ID 1fd2cfc2-328b-44e3-a365-277228288b25
JOB bendamustine EXISTS with job ID f2e4c14d-b110-4f40-87be-1f42dce79fb4
JOB phenazopyridine EXISTS with job ID b9f715c3-d904-49ba-bcea-191a9072a1f5
JOB oxybuprocaine EXISTS with job ID 86476a5b-6b47-4fd3-b9ca-4bb7905f2a0a
JOB phenacemide EXISTS with job ID ac50249a-9b0d-4b92-a55b-3b0a5b8e8e41
JOB bendroflumethiazide EXISTS!
JOB digitoxin EXISTS with job ID de70c767-55cd-4a78-92bb-963cc6cc9846
JOB amrinone EXISTS with job ID b6a43473-bdb4-443d-8f64-8a9c6b8f4e19
JOB quinine EXISTS with job ID b704035e-0026-45e2-9ae4-576bf52ee13a
JOB sulindac EXISTS with job ID 8b297373-4115-42d9-9669-3db1e56fea91
Submitting Rscript for keyword: fluciclovine
Keyword "fluciclovine" sumbitted with job ID "d1369362-fc9b-44aa-a71e-cfddad1c5798"
JOB donepezil EXISTS!
JOB hexylcaine EXISTS with job ID 8a6060e9-f426-4c94-9226-81af6989578f
JOB amsacrine EXISTS with job ID aaf358e5-c7b4-47db-9df4-1fb00868989f
JOB ropivacaine EXISTS with job ID c9902968-1b72-4f27-bfbe-c019db36a2a0
JOB hydrocortisone EXISTS!
JOB dapiprazole EXISTS with job ID 5ea9f5d1-d175-4cb7-9717-c7e7280a601c
JOB decamethonium EXISTS with job ID 7c34d42f-d454-4dd1-838a-f8edb5609b9f
JOB serine EXISTS!
JOB dinoprostone EXISTS with job ID efbb62ee-f77f-4b1d-a6c0-1a9a76842639
JOB guanabenz EXISTS with job ID 72b3f58a-6ee7-4d78-86ff-2425523fb21d
JOB hydroquinone EXISTS with job ID 19540e7e-de3d-49da-9f2a-1a47cf27dfe6
JOB afimoxifene EXISTS with job ID 131660d2-da9b-4116-b004-ba0ee79da650
JOB tocainide EXISTS with job ID d0cd194b-88d1-433f-8ffa-43433fea24f8
JOB norfloxacin EXISTS with job ID d4555b4b-e2c6-448d-8236-cd04d9242ca7
JOB l-carnitine EXISTS with job ID 7b4b7b13-c68c-4916-bd1b-d94cf3825d1b
JOB spermine EXISTS with job ID f3d3e640-0df8-462c-bf62-e62c894102ea
JOB l-phenylalanine EXISTS with job ID 9a42a63a-b362-4c34-b28f-85202cb02e0f
JOB ondansetron EXISTS!
JOB guanfacine EXISTS with job ID 4cbc44f3-f462-454a-bf3b-337f4394762a
JOB droxidopa EXISTS with job ID db567a02-8658-468d-bf01-141e976dd73c
JOB diacerein EXISTS with job ID f876432e-0df4-4c1f-8466-e5116f0a6d40
JOB zopiclone EXISTS with job ID ea412a37-6a99-4eaa-b4ff-6721e53c1497
JOB pyrazinamide EXISTS with job ID 95c5c0ad-dafc-4eab-b2cb-3a6f174cdd98
JOB folic acid EXISTS with job ID 9f9a6659-afc8-4b48-a7b1-82300485066d
JOB neramexane EXISTS with job ID 5f6ef262-4c5f-40ef-920a-737cf7f138d1
JOB pindolol EXISTS!
JOB fosphenytoin EXISTS with job ID 8bd0e276-1790-4b95-b634-44434e7c05e9
JOB mercaptopurine EXISTS with job ID e630ae97-6df4-4357-9e48-d13ea29413ca
JOB flavoxate EXISTS with job ID e5cde0b2-9ce6-4ff8-a019-47736e608cf8
JOB creatine EXISTS with job ID 37f7fa08-0202-4643-8a26-f50c327d2dae
JOB cyclobenzaprine EXISTS with job ID ac5eaeb3-aacd-4eb5-9cb3-b3048cebeab6
JOB n-acetylglucosamine EXISTS with job ID bd0d82b3-d0c0-450d-9098-470d00ddf279
JOB amuvatinib EXISTS with job ID c3d35ed3-5431-4d1c-805a-73f7dbc76fd1
JOB bupropion EXISTS!
JOB vatalanib EXISTS with job ID d6b7e3be-7ea9-493c-9250-d96834cced14
JOB cns-5161 EXISTS with job ID 1faaaca1-d44a-449b-a055-5e0e20a207f6
JOB chlorprothixene EXISTS with job ID 2d3d6e05-b3c8-4fa1-963a-dce3877dfdf2
JOB saquinavir EXISTS with job ID 55774a02-bb31-4eba-90e7-32577cea05e0
JOB naproxen EXISTS!
JOB minocycline EXISTS with job ID 88a147a2-0484-4444-8d9c-014713c3aac2
JOB benzquinamide EXISTS with job ID e2bc7556-fe62-44bc-9ed4-ec92fceac309
JOB bexarotene EXISTS!
JOB l-arginine EXISTS with job ID c55adb6a-7856-4a81-91c9-9beb03942f99
JOB escitalopram EXISTS!
JOB tranylcypromine EXISTS with job ID 916720ea-10cc-4916-a176-9facdf6d00cb
JOB succinylcholine EXISTS with job ID f72b85a3-62ff-48f5-994f-d07f7486bf86
JOB rabeprazole EXISTS with job ID 20567ee8-6c73-489d-b4e6-ee9de85db220
JOB hydroxocobalamin EXISTS with job ID 04e937fe-c3d6-4ec8-9d1c-46e2bf0497fd
JOB rotigotine EXISTS with job ID 40131ae8-7355-4528-8147-0c78fb8ba60d
JOB hydroxyamphetamine EXISTS with job ID f9fe23e6-de5d-4d3f-8d0b-44be754594ac
Submitting Rscript for keyword: DRUG NAME: OSI-930
Keyword "DRUG NAME: OSI-930" sumbitted with job ID "a34f61cd-f4be-4379-b41a-32c21f8e4092"
JOB isradipine EXISTS with job ID c146b9e7-4f66-44bc-8aea-64009f363f95
JOB acetyldigitoxin EXISTS with job ID b81d66da-a7d1-4e97-8a93-7091aa6ea65e
JOB propericiazine EXISTS with job ID 64be2f16-219a-48ab-a051-803a10c9b4dc
JOB mefloquine EXISTS with job ID 270cb6be-13c5-4338-a1b0-80347238d37e
JOB pemetrexed EXISTS!
JOB adenosine EXISTS!
JOB tandutinib EXISTS with job ID e8cfbab4-f91f-4bab-bd52-cda310f18688
JOB nitrous acid EXISTS with job ID 643c3dc0-8f44-4a5d-9606-37b61cc78b57
JOB nitroglycerin EXISTS with job ID 614b5202-ae99-4b5b-a66c-e785559749b2
JOB estrone EXISTS with job ID 8dba487f-5851-4faa-a500-06a81d8e050c
JOB methyclothiazide EXISTS!
JOB pirfenidone EXISTS with job ID 9577d718-6c3e-4275-9388-bca8abd61894
JOB rizatriptan EXISTS!
JOB thiocolchicoside EXISTS with job ID 9560e48b-c2e7-4310-b507-b26ce19b4334
JOB lithium EXISTS!
JOB zuclopenthixol EXISTS with job ID 88c9f517-d9c7-4357-aa6c-1aeeb8a60d35
JOB indacaterol EXISTS!
JOB remoxipride EXISTS with job ID 99e512a4-caf4-448d-a0bf-50244cf151d8
JOB isosorbide dinitrate EXISTS with job ID a01aa4c0-8b52-451b-a379-e8a763d4b9a6
JOB norethisterone EXISTS!
JOB prednisolone EXISTS!
JOB primaquine EXISTS!
JOB triamterene EXISTS!
JOB doxycycline EXISTS with job ID 10d24d5e-5a68-4f9f-8006-c44793437f5b
JOB dexanabinol EXISTS with job ID cc4e2e54-54bf-4336-aca8-3d8f487361ea
JOB acetylcholine EXISTS with job ID 765eea76-2476-4091-9f11-b9b9dc0530c6
JOB lonafarnib EXISTS with job ID d2639945-a017-432d-aba7-dc6d5a608e77
JOB pomalidomide EXISTS with job ID 68f5fccd-6e0c-445e-9010-1b381281f42e
JOB xanthinol EXISTS with job ID 55aa67ff-2406-49da-b3d1-079ac040d102
JOB cabozantinib EXISTS with job ID 5f5e392c-b84b-4009-b33e-dfafd05ddcc4
JOB butenafine EXISTS with job ID 7ee60fb5-6263-430f-be9f-aa6fb39266e3
JOB deslanoside EXISTS with job ID b6168442-65e6-4a40-9b91-5ffd0c233c3a
JOB bethanidine EXISTS with job ID 95dec8e5-67b9-4698-a5ae-0b3923edf89b
JOB adapalene EXISTS with job ID 3acaa5b4-5a57-4d09-a6e8-384c05ac2756
JOB phenolphthalein EXISTS with job ID 2bde3525-d26c-4c03-9bc6-6a183c60c325
JOB talmapimod EXISTS with job ID 16d61d83-9a82-4011-81c8-b5baedbbf560
JOB 2-methoxyestradiol EXISTS with job ID 42eaa2d3-8216-4c60-bd8f-6df85f0af804
JOB levonorgestrel EXISTS!
JOB oxybutynin EXISTS!
JOB tadalafil EXISTS!
JOB doconexent EXISTS with job ID 1ee1a408-b2c3-4c12-bf7f-9d84b285614a
JOB perospirone EXISTS with job ID 3fe171c3-10ce-4d9c-b786-3c837b610952
JOB hydralazine EXISTS!
JOB etoperidone EXISTS with job ID b99b1fdd-d62c-444c-a4fd-d779752fad7f
JOB phenmetrazine EXISTS with job ID 8cc6c42b-3a74-4e22-a932-5cce25d15bd4
JOB acetic acid EXISTS with job ID 89461a30-efc2-4c75-8643-45530e84d10b
JOB osimertinib EXISTS with job ID f86d86b3-d6b7-418d-bc47-c202d63531f8
JOB kappadione EXISTS with job ID 46814c0c-e70b-4f94-928f-df9a70374832
JOB gallamine triethiodide EXISTS with job ID ac377270-3935-4a47-8b51-141b2a52a9da
JOB tenocyclidine EXISTS with job ID cc511ce1-aa97-491a-836a-2e7cafc81990
JOB agmatine EXISTS with job ID 0da2efb3-5e53-4300-87f9-4f432385f22a
JOB lacidipine EXISTS with job ID 3ec11870-bf2a-4ae7-b692-b942908ddc7a
JOB levosimendan EXISTS with job ID c9d74e64-4219-465d-af7e-8a1939216c10
JOB etretinate EXISTS with job ID 1b8a3a73-f8d2-4c0b-8d14-3ca34ff496da
JOB bopindolol EXISTS with job ID 66c5a6a5-d243-48de-aea9-aab409bce24d
JOB pipecuronium EXISTS with job ID ae171e14-0968-4a05-a777-4dc8a62dad01
JOB vecuronium EXISTS with job ID 43ec433b-946b-470b-aa69-ea5898d689d4
JOB pancuronium EXISTS with job ID a48dbe67-5a8b-42ee-808b-73db6d7d41b4
JOB tolazoline EXISTS with job ID fb4489f1-cdf5-4165-aa36-bcff07d15b9e
JOB candesartan cilexetil EXISTS with job ID 4ac572e1-645e-45f2-bc3a-8fafe6c68d23
JOB alprostadil EXISTS with job ID cd97a75e-3e8e-410f-8049-8e7dcec0edcf
JOB l-asparagine EXISTS with job ID 6a95c4b3-98ab-48a5-89ea-c6fcecfac282
JOB adenine EXISTS!
JOB masoprocol EXISTS with job ID a7baf6fc-c1c5-4d2d-a476-670614565a5a
JOB semaxanib EXISTS with job ID 9ea01f99-3d59-4293-af71-73d77a1bff09
JOB cytisine EXISTS with job ID 127b42d1-8cd1-49ef-bb0e-d81e0ba36de4
JOB terazosin EXISTS!
JOB itraconazole EXISTS with job ID 55009d0b-d064-4f55-8da2-4acee55e2c2a
JOB edrophonium EXISTS!
JOB ibutilide EXISTS with job ID 4787591b-65ee-4a29-9580-224f6c0c9398
JOB debrisoquin EXISTS with job ID 2b140625-049a-4520-acbc-c0f67d5cbbbc
JOB modafinil EXISTS with job ID 0b9b904c-7ce9-40a0-a06d-1620bf2957b3
JOB andrographolide EXISTS with job ID 8a7cf39c-5564-4d77-b2a6-b9361c3ea738
JOB guanethidine EXISTS with job ID e8c9c707-f927-459f-8125-f4d679dae480
JOB moclobemide EXISTS!
JOB mazindol EXISTS with job ID e1ee2285-f7fe-40e1-a484-9bfec1b6ad54
JOB hydroxyurea EXISTS with job ID fbaa5257-d86b-4b5a-9e7f-a88f66f698a6
JOB ketoprofen EXISTS!
JOB epinastine EXISTS with job ID 8ab0ac13-6758-44bc-9874-349ebe87d599
JOB ticlopidine EXISTS with job ID 22ebb1ca-c2da-4905-a4fd-ad179633ebcf
JOB trihexyphenidyl EXISTS with job ID 2b8c931c-4528-416a-a45f-9cb35cc0ff80
JOB xylometazoline EXISTS with job ID 264a1e21-14e1-4b8a-8740-49b4f309ff7d
JOB azathioprine EXISTS with job ID 9a4c8111-a5f4-4682-9640-8eced7529e5d
JOB levobupivacaine EXISTS with job ID 6bd51e31-2919-4c17-99b8-89d81e0ca55f
JOB methotrexate EXISTS!
JOB hydroxychloroquine EXISTS with job ID a97f7c40-631b-4f58-a9dc-297e0e2963cb
JOB ketazolam EXISTS with job ID 6ab5c49a-8d53-4cf9-a353-522a149e31bf
JOB sucralfate EXISTS with job ID 65233295-61c1-47da-97b9-7cb82103ed9a
JOB manganese EXISTS with job ID b610ffa8-b899-4544-b6a6-534acb2d6155
JOB tapentadol EXISTS with job ID 9426506a-d2a1-4b63-99f0-e20cce71e90f
JOB enoximone EXISTS with job ID 9f508bc7-7eb0-425b-a5a2-a6048e347f11
JOB esmolol EXISTS with job ID 6be4cf97-a361-4cdc-a441-c526692cdf33
JOB agomelatine EXISTS with job ID ff47a11c-2d8a-4543-9bda-675b5cd56aab
JOB levetiracetam EXISTS!
JOB diazoxide EXISTS with job ID 5e30f72c-4d78-4326-92d5-6198cb79dafb
JOB fenofibric acid EXISTS with job ID 17126ae5-90a3-4b15-94b4-9da909e46f3c
JOB talampanel EXISTS with job ID be45cb79-2696-4460-9e81-26d3cb5e9763
JOB methylphenidate EXISTS!
JOB mebendazole EXISTS!
JOB gallium nitrate EXISTS with job ID 55d11ad2-4e57-4358-b980-be6fa42c070d
JOB ritonavir EXISTS with job ID 66063ca4-2692-40eb-830a-4ee9b52c55b8
JOB triflupromazine EXISTS with job ID f20559ad-f7b9-4ef6-958c-b0262dd3f628
JOB pentazocine EXISTS!
JOB magnesium sulfate EXISTS with job ID a12b3c1c-8cf0-43ad-b72b-b71910a8a88e
JOB bifeprunox EXISTS with job ID 6040af8c-63c6-46be-8f6f-af8427fea990
JOB tianeptine EXISTS with job ID e3331871-8c7b-4e2b-b2a6-191ddac47cc3
JOB icosapent ethyl EXISTS with job ID 02a2be35-cbf7-4d60-885b-3b324df8042a
JOB rofecoxib EXISTS with job ID dbec420a-a5a9-45c6-a4e0-ca7d5d6b42c4
JOB sulfinpyrazone EXISTS with job ID 4fef7570-7a19-4da6-bed9-766a7c434c77
JOB milnacipran EXISTS with job ID 282cb81f-a260-4b2e-b43b-8aae5e3c1428
JOB bumetanide EXISTS!
JOB chlorothiazide EXISTS with job ID ac1b17cc-e020-488d-9405-52e8f49e72d3
JOB tacrolimus EXISTS with job ID d1101da6-fdd1-4987-b5f3-2cfca7f16cf5
JOB diflunisal EXISTS!
JOB estriol EXISTS with job ID b0fbb2e3-26c2-4add-a94a-8c5e12b7277f
JOB phenylephrine EXISTS!
JOB naphazoline EXISTS!
JOB capsaicin EXISTS with job ID a2e853f9-b5cb-4056-aa11-f5f96e0ed8f7
JOB methylene blue EXISTS with job ID b3af3739-b3c5-42bc-8b53-8c3d5352d0a7
JOB dabrafenib EXISTS with job ID 4f737781-5482-49e3-a7b9-27dc62f3cf04
JOB trametinib EXISTS with job ID 88c656e0-3ef8-438e-9a02-ec76f5e577a2
JOB colchicine EXISTS!
JOB chloroquine EXISTS!
JOB minoxidil EXISTS with job ID 0061fcfd-c98b-4021-b751-2d64f5d92e74
JOB venlafaxine EXISTS!
JOB acarbose EXISTS with job ID 8d6e2011-fdab-44c5-89dd-e13b8120c52c
JOB atomoxetine EXISTS with job ID f0975724-44a3-4c8b-983e-9e35d8effec8
JOB baricitinib EXISTS with job ID 61e6efe2-de6d-4742-93a1-1f3ee4d11d78
JOB benzydamine EXISTS with job ID 59061a3a-89fe-47ad-9998-5d5d2866d721
JOB leflunomide EXISTS with job ID 4170131a-68d1-4abe-b369-f6674141a08b
JOB fludarabine EXISTS!
JOB octreotide EXISTS!
JOB bupivacaine EXISTS!
JOB ketobemidone EXISTS with job ID 644ed5c2-b2f3-42e1-82bd-42d195de3401
JOB riociguat EXISTS with job ID 6d9b94ca-48e4-47b0-818b-f5a3e419ad08
JOB trimethoprim EXISTS!
JOB clenbuterol EXISTS with job ID dddd9f43-6a2f-456f-9a0f-4af09fdd8038
JOB methionine EXISTS with job ID f351ae93-5079-44bf-8248-d6e1f235cea7
JOB testosterone EXISTS!
JOB cyproterone acetate EXISTS with job ID 0be25d4f-ed1d-444e-9a1b-587a051f6ff7
JOB enprofylline EXISTS with job ID 0e23a8bc-a2d4-4763-a83b-01581438916f
JOB gestrinone EXISTS with job ID 87b1c2b9-95de-4be4-a5ec-ad1611af0f93
JOB tromethamine EXISTS with job ID 048e73ca-6f19-4574-9cf8-ba6d266b72c5
JOB tolfenamic acid EXISTS with job ID 3dc0ded8-b83a-49a8-b76f-1cbc7370f28f
JOB fluoxymesterone EXISTS with job ID 6a587fe9-76f1-4b7e-aa4a-52502ea84b7a
JOB etacrynic acid EXISTS!
JOB dexmedetomidine EXISTS!
JOB tiapride EXISTS with job ID a1d9c7f4-f659-4f97-9e9c-54389f6f358f
JOB brompheniramine EXISTS with job ID b58e6e8b-efde-4d34-8306-87959e25e8e4
JOB crisaborole EXISTS with job ID 1a291f8f-3059-49e5-baa5-0a9594274fde
JOB flecainide EXISTS with job ID c27c154a-635c-4767-86cf-204e7e0e2df0
JOB brimonidine EXISTS!
JOB ethambutol EXISTS with job ID c75b1bd7-564d-4529-b1f6-0398ff405800
JOB clevidipine EXISTS with job ID c25832cf-62ac-4a7a-99c1-db41e1c9f36a
JOB apraclonidine EXISTS with job ID 5ef91b10-a19f-46ea-ab1d-d9222d041168
JOB levobunolol EXISTS with job ID e8735877-cb82-45fd-bfd3-5136536a7bd2
JOB carphenazine EXISTS with job ID f32d2d24-9940-4fa9-8265-610180e63141
JOB miglitol EXISTS with job ID 152f868c-0a6d-4449-b828-08272dae9e56
JOB quinethazone EXISTS with job ID aeb12729-b524-4f22-a020-5cefc3bb501e
JOB nitroprusside EXISTS with job ID 7f9b67db-a870-47b8-b3c3-88abc4980ad5
JOB l-leucine EXISTS with job ID aee611c8-a4a4-4865-8724-9ced4b993a62
JOB fentanyl EXISTS!
JOB ribavirin EXISTS!
JOB pioglitazone EXISTS!
JOB blonanserin EXISTS with job ID d26bf52b-407b-4298-a86b-04023e67b7cf
JOB isosorbide mononitrate EXISTS with job ID facbe1a8-359d-4f70-b455-74999deab978
JOB mmda EXISTS with job ID 11e0186d-5d82-4047-a1f6-941726a0e6fb
JOB fluvoxamine EXISTS with job ID c776df29-2070-4672-b20c-d259bbbd9f81
JOB lurasidone EXISTS with job ID 90e3e605-38cb-49d6-b1a0-52e93b054e9a
JOB phendimetrazine EXISTS with job ID 5ca6232c-72cf-4c0f-be7a-9fba033ce11c
JOB ofloxacin EXISTS!
JOB potassium chloride EXISTS with job ID cb65d813-95fc-47e5-add8-150729fa283a
JOB irinotecan EXISTS!
JOB fg-2216 EXISTS with job ID aa9e2e3b-a525-4947-a790-0c7487750f8d
JOB tetrabenazine EXISTS with job ID ba3306cf-0383-4220-b347-302e77c54550
JOB l-isoleucine EXISTS with job ID 8d3aec21-778a-4423-943c-ebc8d49e7ef9
JOB mivacurium EXISTS with job ID 630147d3-3b56-46e4-ab85-415a037f68f6
